2021-03-07 21:44:19.624  INFO 17676 --- [main] c.x.t.TmallProtalApplicationTest         : Starting TmallProtalApplicationTest on DESKTOP-EQS2HPF with PID 17676 (started by TXB in D:\project_backend\tmall\tmall-protal)
2021-03-07 21:44:19.640  INFO 17676 --- [main] c.x.t.TmallProtalApplicationTest         : No active profile set, falling back to default profiles: default
2021-03-07 21:44:23.423  INFO 17676 --- [main] .s.d.r.c.RepositoryConfigurationDelegate : Multiple Spring Data modules found, entering strict repository configuration mode!
2021-03-07 21:44:23.427  INFO 17676 --- [main] .s.d.r.c.RepositoryConfigurationDelegate : Bootstrapping Spring Data Redis repositories in DEFAULT mode.
2021-03-07 21:44:23.478  INFO 17676 --- [main] .s.d.r.c.RepositoryConfigurationDelegate : Finished Spring Data repository scanning in 31ms. Found 0 Redis repository interfaces.
2021-03-07 21:44:27.982  INFO 17676 --- [main] c.a.d.s.b.a.DruidDataSourceAutoConfigure : Init DruidDataSource
2021-03-07 21:44:30.347  INFO 17676 --- [main] com.alibaba.druid.pool.DruidDataSource   : {dataSource-1} inited
2021-03-07 21:44:34.521  INFO 17676 --- [main] o.s.s.concurrent.ThreadPoolTaskExecutor  : Initializing ExecutorService 'applicationTaskExecutor'
2021-03-07 21:44:34.648  INFO 17676 --- [main] o.s.b.a.w.s.WelcomePageHandlerMapping    : Adding welcome page template: index
2021-03-07 21:44:36.753  INFO 17676 --- [main] o.s.s.web.DefaultSecurityFilterChain     : Creating filter chain: any request, [org.springframework.security.web.context.request.async.WebAsyncManagerIntegrationFilter@5a2f401a, org.springframework.security.web.context.SecurityContextPersistenceFilter@7434ee13, org.springframework.security.web.header.HeaderWriterFilter@1a67f8b4, org.springframework.web.filter.CorsFilter@4b98225c, org.springframework.security.web.authentication.logout.LogoutFilter@68454ed5, org.springframework.security.web.authentication.UsernamePasswordAuthenticationFilter@1c31de5d, org.springframework.security.web.savedrequest.RequestCacheAwareFilter@50fd739d, org.springframework.security.web.servletapi.SecurityContextHolderAwareRequestFilter@4882b9a, org.springframework.security.web.authentication.AnonymousAuthenticationFilter@6bdedbbd, org.springframework.security.web.session.SessionManagementFilter@326706d, org.springframework.security.web.access.ExceptionTranslationFilter@3eff6846, org.springframework.security.web.access.intercept.FilterSecurityInterceptor@3d718248]
2021-03-07 21:44:36.833  INFO 17676 --- [main] o.s.s.c.ThreadPoolTaskScheduler          : Initializing ExecutorService 'taskScheduler'
2021-03-07 21:44:37.970  INFO 17676 --- [main] c.x.t.TmallProtalApplicationTest         : Started TmallProtalApplicationTest in 20.081 seconds (JVM running for 26.075)
2021-03-07 21:44:38.675  INFO 17676 --- [main] o.s.a.r.c.CachingConnectionFactory       : Attempting to connect to: [localhost:5672]
2021-03-07 21:44:38.908 ERROR 17676 --- [AMQP Connection 127.0.0.1:5672] c.r.c.impl.ForgivingExceptionHandler     : An unexpected connection driver error occured

java.net.SocketException: socket closed
	at java.net.SocketInputStream.socketRead0(Native Method) ~[na:1.8.0_102]
	at java.net.SocketInputStream.socketRead(SocketInputStream.java:116) ~[na:1.8.0_102]
	at java.net.SocketInputStream.read(SocketInputStream.java:170) ~[na:1.8.0_102]
	at java.net.SocketInputStream.read(SocketInputStream.java:141) ~[na:1.8.0_102]
	at java.io.BufferedInputStream.fill(BufferedInputStream.java:246) ~[na:1.8.0_102]
	at java.io.BufferedInputStream.read(BufferedInputStream.java:265) ~[na:1.8.0_102]
	at java.io.DataInputStream.readUnsignedByte(DataInputStream.java:288) ~[na:1.8.0_102]
	at com.rabbitmq.client.impl.Frame.readFrom(Frame.java:91) ~[amqp-client-5.9.0.jar:5.9.0]
	at com.rabbitmq.client.impl.SocketFrameHandler.readFrame(SocketFrameHandler.java:184) ~[amqp-client-5.9.0.jar:5.9.0]
	at com.rabbitmq.client.impl.AMQConnection$MainLoop.run(AMQConnection.java:665) ~[amqp-client-5.9.0.jar:5.9.0]
	at java.lang.Thread.run(Thread.java:745) [na:1.8.0_102]

2021-03-07 21:44:38.958 ERROR 17676 --- [AMQP Connection 0:0:0:0:0:0:0:1:5672] c.r.c.impl.ForgivingExceptionHandler     : An unexpected connection driver error occured

java.net.SocketException: socket closed
	at java.net.SocketInputStream.socketRead0(Native Method) ~[na:1.8.0_102]
	at java.net.SocketInputStream.socketRead(SocketInputStream.java:116) ~[na:1.8.0_102]
	at java.net.SocketInputStream.read(SocketInputStream.java:170) ~[na:1.8.0_102]
	at java.net.SocketInputStream.read(SocketInputStream.java:141) ~[na:1.8.0_102]
	at java.io.BufferedInputStream.fill(BufferedInputStream.java:246) ~[na:1.8.0_102]
	at java.io.BufferedInputStream.read(BufferedInputStream.java:265) ~[na:1.8.0_102]
	at java.io.DataInputStream.readUnsignedByte(DataInputStream.java:288) ~[na:1.8.0_102]
	at com.rabbitmq.client.impl.Frame.readFrom(Frame.java:91) ~[amqp-client-5.9.0.jar:5.9.0]
	at com.rabbitmq.client.impl.SocketFrameHandler.readFrame(SocketFrameHandler.java:184) ~[amqp-client-5.9.0.jar:5.9.0]
	at com.rabbitmq.client.impl.AMQConnection$MainLoop.run(AMQConnection.java:665) ~[amqp-client-5.9.0.jar:5.9.0]
	at java.lang.Thread.run(Thread.java:745) [na:1.8.0_102]

2021-03-07 21:44:38.965  INFO 17676 --- [main] o.s.a.r.c.CachingConnectionFactory       : Attempting to connect to: [localhost:5672]
2021-03-07 21:44:39.009 ERROR 17676 --- [AMQP Connection 127.0.0.1:5672] c.r.c.impl.ForgivingExceptionHandler     : An unexpected connection driver error occured

java.net.SocketException: socket closed
	at java.net.SocketInputStream.socketRead0(Native Method) ~[na:1.8.0_102]
	at java.net.SocketInputStream.socketRead(SocketInputStream.java:116) ~[na:1.8.0_102]
	at java.net.SocketInputStream.read(SocketInputStream.java:170) ~[na:1.8.0_102]
	at java.net.SocketInputStream.read(SocketInputStream.java:141) ~[na:1.8.0_102]
	at java.io.BufferedInputStream.fill(BufferedInputStream.java:246) ~[na:1.8.0_102]
	at java.io.BufferedInputStream.read(BufferedInputStream.java:265) ~[na:1.8.0_102]
	at java.io.DataInputStream.readUnsignedByte(DataInputStream.java:288) ~[na:1.8.0_102]
	at com.rabbitmq.client.impl.Frame.readFrom(Frame.java:91) ~[amqp-client-5.9.0.jar:5.9.0]
	at com.rabbitmq.client.impl.SocketFrameHandler.readFrame(SocketFrameHandler.java:184) ~[amqp-client-5.9.0.jar:5.9.0]
	at com.rabbitmq.client.impl.AMQConnection$MainLoop.run(AMQConnection.java:665) ~[amqp-client-5.9.0.jar:5.9.0]
	at java.lang.Thread.run(Thread.java:745) [na:1.8.0_102]

2021-03-07 21:44:39.150 ERROR 17676 --- [AMQP Connection 0:0:0:0:0:0:0:1:5672] c.r.c.impl.ForgivingExceptionHandler     : An unexpected connection driver error occured

java.net.SocketException: socket closed
	at java.net.SocketInputStream.socketRead0(Native Method) ~[na:1.8.0_102]
	at java.net.SocketInputStream.socketRead(SocketInputStream.java:116) ~[na:1.8.0_102]
	at java.net.SocketInputStream.read(SocketInputStream.java:170) ~[na:1.8.0_102]
	at java.net.SocketInputStream.read(SocketInputStream.java:141) ~[na:1.8.0_102]
	at java.io.BufferedInputStream.fill(BufferedInputStream.java:246) ~[na:1.8.0_102]
	at java.io.BufferedInputStream.read(BufferedInputStream.java:265) ~[na:1.8.0_102]
	at java.io.DataInputStream.readUnsignedByte(DataInputStream.java:288) ~[na:1.8.0_102]
	at com.rabbitmq.client.impl.Frame.readFrom(Frame.java:91) ~[amqp-client-5.9.0.jar:5.9.0]
	at com.rabbitmq.client.impl.SocketFrameHandler.readFrame(SocketFrameHandler.java:184) ~[amqp-client-5.9.0.jar:5.9.0]
	at com.rabbitmq.client.impl.AMQConnection$MainLoop.run(AMQConnection.java:665) ~[amqp-client-5.9.0.jar:5.9.0]
	at java.lang.Thread.run(Thread.java:745) [na:1.8.0_102]

2021-03-07 21:44:39.155  INFO 17676 --- [pool-3-thread-1] o.s.a.r.c.CachingConnectionFactory       : Attempting to connect to: [localhost:5672]
2021-03-07 21:44:39.183 ERROR 17676 --- [AMQP Connection 127.0.0.1:5672] c.r.c.impl.ForgivingExceptionHandler     : An unexpected connection driver error occured

java.net.SocketException: Socket Closed
	at java.net.SocketInputStream.socketRead0(Native Method) ~[na:1.8.0_102]
	at java.net.SocketInputStream.socketRead(SocketInputStream.java:116) ~[na:1.8.0_102]
	at java.net.SocketInputStream.read(SocketInputStream.java:170) ~[na:1.8.0_102]
	at java.net.SocketInputStream.read(SocketInputStream.java:141) ~[na:1.8.0_102]
	at java.io.BufferedInputStream.fill(BufferedInputStream.java:246) ~[na:1.8.0_102]
	at java.io.BufferedInputStream.read(BufferedInputStream.java:265) ~[na:1.8.0_102]
	at java.io.DataInputStream.readUnsignedByte(DataInputStream.java:288) ~[na:1.8.0_102]
	at com.rabbitmq.client.impl.Frame.readFrom(Frame.java:91) ~[amqp-client-5.9.0.jar:5.9.0]
	at com.rabbitmq.client.impl.SocketFrameHandler.readFrame(SocketFrameHandler.java:184) ~[amqp-client-5.9.0.jar:5.9.0]
	at com.rabbitmq.client.impl.AMQConnection$MainLoop.run(AMQConnection.java:665) ~[amqp-client-5.9.0.jar:5.9.0]
	at java.lang.Thread.run(Thread.java:745) [na:1.8.0_102]

2021-03-07 21:44:39.235  INFO 17676 --- [pool-3-thread-1] o.s.a.r.c.CachingConnectionFactory       : Attempting to connect to: [localhost:5672]
2021-03-07 21:44:39.236 ERROR 17676 --- [AMQP Connection 0:0:0:0:0:0:0:1:5672] c.r.c.impl.ForgivingExceptionHandler     : An unexpected connection driver error occured

java.net.SocketException: socket closed
	at java.net.SocketInputStream.socketRead0(Native Method) ~[na:1.8.0_102]
	at java.net.SocketInputStream.socketRead(SocketInputStream.java:116) ~[na:1.8.0_102]
	at java.net.SocketInputStream.read(SocketInputStream.java:170) ~[na:1.8.0_102]
	at java.net.SocketInputStream.read(SocketInputStream.java:141) ~[na:1.8.0_102]
	at java.io.BufferedInputStream.fill(BufferedInputStream.java:246) ~[na:1.8.0_102]
	at java.io.BufferedInputStream.read(BufferedInputStream.java:265) ~[na:1.8.0_102]
	at java.io.DataInputStream.readUnsignedByte(DataInputStream.java:288) ~[na:1.8.0_102]
	at com.rabbitmq.client.impl.Frame.readFrom(Frame.java:91) ~[amqp-client-5.9.0.jar:5.9.0]
	at com.rabbitmq.client.impl.SocketFrameHandler.readFrame(SocketFrameHandler.java:184) ~[amqp-client-5.9.0.jar:5.9.0]
	at com.rabbitmq.client.impl.AMQConnection$MainLoop.run(AMQConnection.java:665) ~[amqp-client-5.9.0.jar:5.9.0]
	at java.lang.Thread.run(Thread.java:745) [na:1.8.0_102]

2021-03-07 21:44:39.245 ERROR 17676 --- [AMQP Connection 127.0.0.1:5672] c.r.c.impl.ForgivingExceptionHandler     : An unexpected connection driver error occured

java.net.SocketException: socket closed
	at java.net.SocketInputStream.socketRead0(Native Method) ~[na:1.8.0_102]
	at java.net.SocketInputStream.socketRead(SocketInputStream.java:116) ~[na:1.8.0_102]
	at java.net.SocketInputStream.read(SocketInputStream.java:170) ~[na:1.8.0_102]
	at java.net.SocketInputStream.read(SocketInputStream.java:141) ~[na:1.8.0_102]
	at java.io.BufferedInputStream.fill(BufferedInputStream.java:246) ~[na:1.8.0_102]
	at java.io.BufferedInputStream.read(BufferedInputStream.java:265) ~[na:1.8.0_102]
	at java.io.DataInputStream.readUnsignedByte(DataInputStream.java:288) ~[na:1.8.0_102]
	at com.rabbitmq.client.impl.Frame.readFrom(Frame.java:91) ~[amqp-client-5.9.0.jar:5.9.0]
	at com.rabbitmq.client.impl.SocketFrameHandler.readFrame(SocketFrameHandler.java:184) ~[amqp-client-5.9.0.jar:5.9.0]
	at com.rabbitmq.client.impl.AMQConnection$MainLoop.run(AMQConnection.java:665) ~[amqp-client-5.9.0.jar:5.9.0]
	at java.lang.Thread.run(Thread.java:745) [na:1.8.0_102]

2021-03-07 21:44:39.256 ERROR 17676 --- [AMQP Connection 0:0:0:0:0:0:0:1:5672] c.r.c.impl.ForgivingExceptionHandler     : An unexpected connection driver error occured

java.net.SocketException: socket closed
	at java.net.SocketInputStream.socketRead0(Native Method) ~[na:1.8.0_102]
	at java.net.SocketInputStream.socketRead(SocketInputStream.java:116) ~[na:1.8.0_102]
	at java.net.SocketInputStream.read(SocketInputStream.java:170) ~[na:1.8.0_102]
	at java.net.SocketInputStream.read(SocketInputStream.java:141) ~[na:1.8.0_102]
	at java.io.BufferedInputStream.fill(BufferedInputStream.java:246) ~[na:1.8.0_102]
	at java.io.BufferedInputStream.read(BufferedInputStream.java:265) ~[na:1.8.0_102]
	at java.io.DataInputStream.readUnsignedByte(DataInputStream.java:288) ~[na:1.8.0_102]
	at com.rabbitmq.client.impl.Frame.readFrom(Frame.java:91) ~[amqp-client-5.9.0.jar:5.9.0]
	at com.rabbitmq.client.impl.SocketFrameHandler.readFrame(SocketFrameHandler.java:184) ~[amqp-client-5.9.0.jar:5.9.0]
	at com.rabbitmq.client.impl.AMQConnection$MainLoop.run(AMQConnection.java:665) ~[amqp-client-5.9.0.jar:5.9.0]
	at java.lang.Thread.run(Thread.java:745) [na:1.8.0_102]

2021-03-07 21:44:39.256 ERROR 17676 --- [pool-3-thread-1] o.s.s.s.TaskUtils$LoggingErrorHandler    : Unexpected error occurred in scheduled task

org.springframework.amqp.AmqpIOException: java.io.IOException
	at org.springframework.amqp.rabbit.support.RabbitExceptionTranslator.convertRabbitAccessException(RabbitExceptionTranslator.java:70) ~[spring-rabbit-2.2.7.RELEASE.jar:2.2.7.RELEASE]
	at org.springframework.amqp.rabbit.connection.AbstractConnectionFactory.createBareConnection(AbstractConnectionFactory.java:524) ~[spring-rabbit-2.2.7.RELEASE.jar:2.2.7.RELEASE]
	at org.springframework.amqp.rabbit.connection.CachingConnectionFactory.createConnection(CachingConnectionFactory.java:751) ~[spring-rabbit-2.2.7.RELEASE.jar:2.2.7.RELEASE]
	at org.springframework.amqp.rabbit.connection.ConnectionFactoryUtils.createConnection(ConnectionFactoryUtils.java:214) ~[spring-rabbit-2.2.7.RELEASE.jar:2.2.7.RELEASE]
	at org.springframework.amqp.rabbit.core.RabbitTemplate.doExecute(RabbitTemplate.java:2089) ~[spring-rabbit-2.2.7.RELEASE.jar:2.2.7.RELEASE]
	at org.springframework.amqp.rabbit.core.RabbitTemplate.execute(RabbitTemplate.java:2062) ~[spring-rabbit-2.2.7.RELEASE.jar:2.2.7.RELEASE]
	at org.springframework.amqp.rabbit.core.RabbitTemplate.send(RabbitTemplate.java:1009) ~[spring-rabbit-2.2.7.RELEASE.jar:2.2.7.RELEASE]
	at org.springframework.amqp.rabbit.core.RabbitTemplate.convertAndSend(RabbitTemplate.java:1075) ~[spring-rabbit-2.2.7.RELEASE.jar:2.2.7.RELEASE]
	at org.springframework.amqp.rabbit.core.RabbitTemplate.convertAndSend(RabbitTemplate.java:1057) ~[spring-rabbit-2.2.7.RELEASE.jar:2.2.7.RELEASE]
	at com.xiaoluban.tmallprotal.TmallProtalApplicationTest.send(TmallProtalApplicationTest.java:68) ~[test-classes/:na]
	at sun.reflect.NativeMethodAccessorImpl.invoke0(Native Method) ~[na:1.8.0_102]
	at sun.reflect.NativeMethodAccessorImpl.invoke(NativeMethodAccessorImpl.java:62) ~[na:1.8.0_102]
	at sun.reflect.DelegatingMethodAccessorImpl.invoke(DelegatingMethodAccessorImpl.java:43) ~[na:1.8.0_102]
	at java.lang.reflect.Method.invoke(Method.java:498) ~[na:1.8.0_102]
	at org.springframework.scheduling.support.ScheduledMethodRunnable.run(ScheduledMethodRunnable.java:84) ~[spring-context-5.2.7.RELEASE.jar:5.2.7.RELEASE]
	at org.springframework.scheduling.support.DelegatingErrorHandlingRunnable.run(DelegatingErrorHandlingRunnable.java:54) ~[spring-context-5.2.7.RELEASE.jar:5.2.7.RELEASE]
	at java.util.concurrent.Executors$RunnableAdapter.call(Executors.java:511) [na:1.8.0_102]
	at java.util.concurrent.FutureTask.runAndReset(FutureTask.java:308) [na:1.8.0_102]
	at java.util.concurrent.ScheduledThreadPoolExecutor$ScheduledFutureTask.access$301(ScheduledThreadPoolExecutor.java:180) [na:1.8.0_102]
	at java.util.concurrent.ScheduledThreadPoolExecutor$ScheduledFutureTask.run(ScheduledThreadPoolExecutor.java:294) [na:1.8.0_102]
	at java.util.concurrent.ThreadPoolExecutor.runWorker(ThreadPoolExecutor.java:1142) [na:1.8.0_102]
	at java.util.concurrent.ThreadPoolExecutor$Worker.run(ThreadPoolExecutor.java:617) [na:1.8.0_102]
	at java.lang.Thread.run(Thread.java:745) [na:1.8.0_102]
Caused by: java.io.IOException: null
	at com.rabbitmq.client.impl.AMQChannel.wrap(AMQChannel.java:129) ~[amqp-client-5.9.0.jar:5.9.0]
	at com.rabbitmq.client.impl.AMQChannel.wrap(AMQChannel.java:125) ~[amqp-client-5.9.0.jar:5.9.0]
	at com.rabbitmq.client.impl.AMQChannel.exnWrappingRpc(AMQChannel.java:147) ~[amqp-client-5.9.0.jar:5.9.0]
	at com.rabbitmq.client.impl.AMQConnection.start(AMQConnection.java:439) ~[amqp-client-5.9.0.jar:5.9.0]
	at com.rabbitmq.client.ConnectionFactory.newConnection(ConnectionFactory.java:1139) ~[amqp-client-5.9.0.jar:5.9.0]
	at com.rabbitmq.client.ConnectionFactory.newConnection(ConnectionFactory.java:1087) ~[amqp-client-5.9.0.jar:5.9.0]
	at org.springframework.amqp.rabbit.connection.AbstractConnectionFactory.connectAddresses(AbstractConnectionFactory.java:560) ~[spring-rabbit-2.2.7.RELEASE.jar:2.2.7.RELEASE]
	at org.springframework.amqp.rabbit.connection.AbstractConnectionFactory.connect(AbstractConnectionFactory.java:533) ~[spring-rabbit-2.2.7.RELEASE.jar:2.2.7.RELEASE]
	at org.springframework.amqp.rabbit.connection.AbstractConnectionFactory.createBareConnection(AbstractConnectionFactory.java:487) ~[spring-rabbit-2.2.7.RELEASE.jar:2.2.7.RELEASE]
	... 21 common frames omitted
Caused by: com.rabbitmq.client.ShutdownSignalException: connection error; protocol method: #method<connection.close>(reply-code=530, reply-text=NOT_ALLOWED - vhost /tmall not found, class-id=10, method-id=40)
	at com.rabbitmq.utility.ValueOrException.getValue(ValueOrException.java:66) ~[amqp-client-5.9.0.jar:5.9.0]
	at com.rabbitmq.utility.BlockingValueOrException.uninterruptibleGetValue(BlockingValueOrException.java:36) ~[amqp-client-5.9.0.jar:5.9.0]
	at com.rabbitmq.client.impl.AMQChannel$BlockingRpcContinuation.getReply(AMQChannel.java:502) ~[amqp-client-5.9.0.jar:5.9.0]
	at com.rabbitmq.client.impl.AMQChannel.privateRpc(AMQChannel.java:293) ~[amqp-client-5.9.0.jar:5.9.0]
	at com.rabbitmq.client.impl.AMQChannel.exnWrappingRpc(AMQChannel.java:141) ~[amqp-client-5.9.0.jar:5.9.0]
	... 27 common frames omitted

2021-03-07 21:44:39.526  INFO 17676 --- [SpringContextShutdownHook] o.s.s.c.ThreadPoolTaskScheduler          : Shutting down ExecutorService 'taskScheduler'
2021-03-07 21:44:39.531  INFO 17676 --- [SpringContextShutdownHook] o.s.s.concurrent.ThreadPoolTaskExecutor  : Shutting down ExecutorService 'applicationTaskExecutor'
2021-03-07 21:44:39.591  INFO 17676 --- [SpringContextShutdownHook] com.alibaba.druid.pool.DruidDataSource   : {dataSource-1} closing ...
2021-03-07 21:44:39.601  INFO 17676 --- [SpringContextShutdownHook] com.alibaba.druid.pool.DruidDataSource   : {dataSource-1} closed
2021-03-07 21:48:38.271  INFO 18756 --- [main] c.x.t.TmallProtalApplicationTest         : Starting TmallProtalApplicationTest on DESKTOP-EQS2HPF with PID 18756 (started by TXB in D:\project_backend\tmall\tmall-protal)
2021-03-07 21:48:38.273  INFO 18756 --- [main] c.x.t.TmallProtalApplicationTest         : No active profile set, falling back to default profiles: default
2021-03-07 21:48:40.870  INFO 18756 --- [main] .s.d.r.c.RepositoryConfigurationDelegate : Multiple Spring Data modules found, entering strict repository configuration mode!
2021-03-07 21:48:40.879  INFO 18756 --- [main] .s.d.r.c.RepositoryConfigurationDelegate : Bootstrapping Spring Data Redis repositories in DEFAULT mode.
2021-03-07 21:48:40.958  INFO 18756 --- [main] .s.d.r.c.RepositoryConfigurationDelegate : Finished Spring Data repository scanning in 48ms. Found 0 Redis repository interfaces.
2021-03-07 21:48:45.595  INFO 18756 --- [main] c.a.d.s.b.a.DruidDataSourceAutoConfigure : Init DruidDataSource
2021-03-07 21:48:47.808  INFO 18756 --- [main] com.alibaba.druid.pool.DruidDataSource   : {dataSource-1} inited
2021-03-07 21:48:53.493  INFO 18756 --- [main] o.s.s.concurrent.ThreadPoolTaskExecutor  : Initializing ExecutorService 'applicationTaskExecutor'
2021-03-07 21:48:53.626  INFO 18756 --- [main] o.s.b.a.w.s.WelcomePageHandlerMapping    : Adding welcome page template: index
2021-03-07 21:48:55.687  INFO 18756 --- [main] o.s.s.web.DefaultSecurityFilterChain     : Creating filter chain: any request, [org.springframework.security.web.context.request.async.WebAsyncManagerIntegrationFilter@34604b32, org.springframework.security.web.context.SecurityContextPersistenceFilter@30a5a58d, org.springframework.security.web.header.HeaderWriterFilter@8f8717b, org.springframework.web.filter.CorsFilter@102fd71d, org.springframework.security.web.authentication.logout.LogoutFilter@20706e70, org.springframework.security.web.authentication.UsernamePasswordAuthenticationFilter@5bbc033f, org.springframework.security.web.savedrequest.RequestCacheAwareFilter@3d763ae5, org.springframework.security.web.servletapi.SecurityContextHolderAwareRequestFilter@63c88994, org.springframework.security.web.authentication.AnonymousAuthenticationFilter@159408a7, org.springframework.security.web.session.SessionManagementFilter@1e9f48d4, org.springframework.security.web.access.ExceptionTranslationFilter@3ed87b6e, org.springframework.security.web.access.intercept.FilterSecurityInterceptor@4c6fe482]
2021-03-07 21:48:55.792  INFO 18756 --- [main] o.s.s.c.ThreadPoolTaskScheduler          : Initializing ExecutorService 'taskScheduler'
2021-03-07 21:48:57.187  INFO 18756 --- [main] c.x.t.TmallProtalApplicationTest         : Started TmallProtalApplicationTest in 20.052 seconds (JVM running for 25.665)
2021-03-07 21:49:49.276  INFO 18756 --- [main] o.s.a.r.c.CachingConnectionFactory       : Attempting to connect to: [localhost:5672]
2021-03-07 21:49:49.564  WARN 18756 --- [AMQP Connection 127.0.0.1:5672] c.r.c.impl.ForgivingExceptionHandler     : An unexpected connection driver error occured (Exception message: Connection reset)
2021-03-07 21:49:49.593  WARN 18756 --- [AMQP Connection 0:0:0:0:0:0:0:1:5672] c.r.c.impl.ForgivingExceptionHandler     : An unexpected connection driver error occured (Exception message: Socket closed)
2021-03-07 21:50:28.723  INFO 18756 --- [pool-2-thread-1] o.s.a.r.c.CachingConnectionFactory       : Attempting to connect to: [localhost:5672]
2021-03-07 21:50:28.797  INFO 18756 --- [pool-2-thread-1] o.s.a.r.c.CachingConnectionFactory       : Attempting to connect to: [localhost:5672]
2021-03-07 21:50:28.799 ERROR 18756 --- [AMQP Connection 0:0:0:0:0:0:0:1:5672] c.r.c.impl.ForgivingExceptionHandler     : An unexpected connection driver error occured

java.net.SocketException: Socket Closed
	at java.net.SocketInputStream.socketRead0(Native Method) ~[na:1.8.0_102]
	at java.net.SocketInputStream.socketRead(SocketInputStream.java:116) ~[na:1.8.0_102]
	at java.net.SocketInputStream.read(SocketInputStream.java:170) ~[na:1.8.0_102]
	at java.net.SocketInputStream.read(SocketInputStream.java:141) ~[na:1.8.0_102]
	at java.io.BufferedInputStream.fill(BufferedInputStream.java:246) ~[na:1.8.0_102]
	at java.io.BufferedInputStream.read(BufferedInputStream.java:265) ~[na:1.8.0_102]
	at java.io.DataInputStream.readUnsignedByte(DataInputStream.java:288) ~[na:1.8.0_102]
	at com.rabbitmq.client.impl.Frame.readFrom(Frame.java:91) ~[amqp-client-5.9.0.jar:5.9.0]
	at com.rabbitmq.client.impl.SocketFrameHandler.readFrame(SocketFrameHandler.java:184) ~[amqp-client-5.9.0.jar:5.9.0]
	at com.rabbitmq.client.impl.AMQConnection$MainLoop.run(AMQConnection.java:665) ~[amqp-client-5.9.0.jar:5.9.0]
	at java.lang.Thread.run(Thread.java:745) [na:1.8.0_102]

2021-03-07 21:50:28.799 ERROR 18756 --- [AMQP Connection 127.0.0.1:5672] c.r.c.impl.ForgivingExceptionHandler     : An unexpected connection driver error occured

java.net.SocketException: socket closed
	at java.net.SocketInputStream.socketRead0(Native Method) ~[na:1.8.0_102]
	at java.net.SocketInputStream.socketRead(SocketInputStream.java:116) ~[na:1.8.0_102]
	at java.net.SocketInputStream.read(SocketInputStream.java:170) ~[na:1.8.0_102]
	at java.net.SocketInputStream.read(SocketInputStream.java:141) ~[na:1.8.0_102]
	at java.io.BufferedInputStream.fill(BufferedInputStream.java:246) ~[na:1.8.0_102]
	at java.io.BufferedInputStream.read(BufferedInputStream.java:265) ~[na:1.8.0_102]
	at java.io.DataInputStream.readUnsignedByte(DataInputStream.java:288) ~[na:1.8.0_102]
	at com.rabbitmq.client.impl.Frame.readFrom(Frame.java:91) ~[amqp-client-5.9.0.jar:5.9.0]
	at com.rabbitmq.client.impl.SocketFrameHandler.readFrame(SocketFrameHandler.java:184) ~[amqp-client-5.9.0.jar:5.9.0]
	at com.rabbitmq.client.impl.AMQConnection$MainLoop.run(AMQConnection.java:665) ~[amqp-client-5.9.0.jar:5.9.0]
	at java.lang.Thread.run(Thread.java:745) [na:1.8.0_102]

2021-03-07 21:50:28.851 ERROR 18756 --- [AMQP Connection 127.0.0.1:5672] c.r.c.impl.ForgivingExceptionHandler     : An unexpected connection driver error occured

java.net.SocketException: socket closed
	at java.net.SocketInputStream.socketRead0(Native Method) ~[na:1.8.0_102]
	at java.net.SocketInputStream.socketRead(SocketInputStream.java:116) ~[na:1.8.0_102]
	at java.net.SocketInputStream.read(SocketInputStream.java:170) ~[na:1.8.0_102]
	at java.net.SocketInputStream.read(SocketInputStream.java:141) ~[na:1.8.0_102]
	at java.io.BufferedInputStream.fill(BufferedInputStream.java:246) ~[na:1.8.0_102]
	at java.io.BufferedInputStream.read(BufferedInputStream.java:265) ~[na:1.8.0_102]
	at java.io.DataInputStream.readUnsignedByte(DataInputStream.java:288) ~[na:1.8.0_102]
	at com.rabbitmq.client.impl.Frame.readFrom(Frame.java:91) ~[amqp-client-5.9.0.jar:5.9.0]
	at com.rabbitmq.client.impl.SocketFrameHandler.readFrame(SocketFrameHandler.java:184) ~[amqp-client-5.9.0.jar:5.9.0]
	at com.rabbitmq.client.impl.AMQConnection$MainLoop.run(AMQConnection.java:665) ~[amqp-client-5.9.0.jar:5.9.0]
	at java.lang.Thread.run(Thread.java:745) [na:1.8.0_102]

2021-03-07 21:50:28.860 ERROR 18756 --- [AMQP Connection 0:0:0:0:0:0:0:1:5672] c.r.c.impl.ForgivingExceptionHandler     : An unexpected connection driver error occured

java.net.SocketException: Socket Closed
	at java.net.SocketInputStream.socketRead0(Native Method) ~[na:1.8.0_102]
	at java.net.SocketInputStream.socketRead(SocketInputStream.java:116) ~[na:1.8.0_102]
	at java.net.SocketInputStream.read(SocketInputStream.java:170) ~[na:1.8.0_102]
	at java.net.SocketInputStream.read(SocketInputStream.java:141) ~[na:1.8.0_102]
	at java.io.BufferedInputStream.fill(BufferedInputStream.java:246) ~[na:1.8.0_102]
	at java.io.BufferedInputStream.read(BufferedInputStream.java:265) ~[na:1.8.0_102]
	at java.io.DataInputStream.readUnsignedByte(DataInputStream.java:288) ~[na:1.8.0_102]
	at com.rabbitmq.client.impl.Frame.readFrom(Frame.java:91) ~[amqp-client-5.9.0.jar:5.9.0]
	at com.rabbitmq.client.impl.SocketFrameHandler.readFrame(SocketFrameHandler.java:184) ~[amqp-client-5.9.0.jar:5.9.0]
	at com.rabbitmq.client.impl.AMQConnection$MainLoop.run(AMQConnection.java:665) ~[amqp-client-5.9.0.jar:5.9.0]
	at java.lang.Thread.run(Thread.java:745) [na:1.8.0_102]

2021-03-07 21:50:28.861  INFO 18756 --- [main] o.s.a.r.c.CachingConnectionFactory       : Attempting to connect to: [localhost:5672]
2021-03-07 21:50:28.862 ERROR 18756 --- [pool-2-thread-1] o.s.s.s.TaskUtils$LoggingErrorHandler    : Unexpected error occurred in scheduled task

org.springframework.amqp.AmqpIOException: java.io.IOException
	at org.springframework.amqp.rabbit.support.RabbitExceptionTranslator.convertRabbitAccessException(RabbitExceptionTranslator.java:70) ~[spring-rabbit-2.2.7.RELEASE.jar:2.2.7.RELEASE]
	at org.springframework.amqp.rabbit.connection.AbstractConnectionFactory.createBareConnection(AbstractConnectionFactory.java:524) ~[spring-rabbit-2.2.7.RELEASE.jar:2.2.7.RELEASE]
	at org.springframework.amqp.rabbit.connection.CachingConnectionFactory.createConnection(CachingConnectionFactory.java:751) ~[spring-rabbit-2.2.7.RELEASE.jar:2.2.7.RELEASE]
	at org.springframework.amqp.rabbit.connection.ConnectionFactoryUtils.createConnection(ConnectionFactoryUtils.java:214) ~[spring-rabbit-2.2.7.RELEASE.jar:2.2.7.RELEASE]
	at org.springframework.amqp.rabbit.core.RabbitTemplate.doExecute(RabbitTemplate.java:2089) ~[spring-rabbit-2.2.7.RELEASE.jar:2.2.7.RELEASE]
	at org.springframework.amqp.rabbit.core.RabbitTemplate.execute(RabbitTemplate.java:2062) ~[spring-rabbit-2.2.7.RELEASE.jar:2.2.7.RELEASE]
	at org.springframework.amqp.rabbit.core.RabbitTemplate.send(RabbitTemplate.java:1009) ~[spring-rabbit-2.2.7.RELEASE.jar:2.2.7.RELEASE]
	at org.springframework.amqp.rabbit.core.RabbitTemplate.convertAndSend(RabbitTemplate.java:1075) ~[spring-rabbit-2.2.7.RELEASE.jar:2.2.7.RELEASE]
	at org.springframework.amqp.rabbit.core.RabbitTemplate.convertAndSend(RabbitTemplate.java:1057) ~[spring-rabbit-2.2.7.RELEASE.jar:2.2.7.RELEASE]
	at com.xiaoluban.tmallprotal.TmallProtalApplicationTest.send(TmallProtalApplicationTest.java:68) ~[test-classes/:na]
	at sun.reflect.NativeMethodAccessorImpl.invoke0(Native Method) ~[na:1.8.0_102]
	at sun.reflect.NativeMethodAccessorImpl.invoke(NativeMethodAccessorImpl.java:62) ~[na:1.8.0_102]
	at sun.reflect.DelegatingMethodAccessorImpl.invoke(DelegatingMethodAccessorImpl.java:43) ~[na:1.8.0_102]
	at java.lang.reflect.Method.invoke(Method.java:498) ~[na:1.8.0_102]
	at org.springframework.scheduling.support.ScheduledMethodRunnable.run(ScheduledMethodRunnable.java:84) ~[spring-context-5.2.7.RELEASE.jar:5.2.7.RELEASE]
	at org.springframework.scheduling.support.DelegatingErrorHandlingRunnable.run(DelegatingErrorHandlingRunnable.java:54) ~[spring-context-5.2.7.RELEASE.jar:5.2.7.RELEASE]
	at java.util.concurrent.Executors$RunnableAdapter.call(Executors.java:511) [na:1.8.0_102]
	at java.util.concurrent.FutureTask.runAndReset$$$capture(FutureTask.java:308) [na:1.8.0_102]
	at java.util.concurrent.FutureTask.runAndReset(FutureTask.java) [na:1.8.0_102]
	at java.util.concurrent.ScheduledThreadPoolExecutor$ScheduledFutureTask.access$301(ScheduledThreadPoolExecutor.java:180) [na:1.8.0_102]
	at java.util.concurrent.ScheduledThreadPoolExecutor$ScheduledFutureTask.run(ScheduledThreadPoolExecutor.java:294) [na:1.8.0_102]
	at java.util.concurrent.ThreadPoolExecutor.runWorker(ThreadPoolExecutor.java:1142) [na:1.8.0_102]
	at java.util.concurrent.ThreadPoolExecutor$Worker.run(ThreadPoolExecutor.java:617) [na:1.8.0_102]
	at java.lang.Thread.run(Thread.java:745) [na:1.8.0_102]
Caused by: java.io.IOException: null
	at com.rabbitmq.client.impl.AMQChannel.wrap(AMQChannel.java:129) ~[amqp-client-5.9.0.jar:5.9.0]
	at com.rabbitmq.client.impl.AMQChannel.wrap(AMQChannel.java:125) ~[amqp-client-5.9.0.jar:5.9.0]
	at com.rabbitmq.client.impl.AMQChannel.exnWrappingRpc(AMQChannel.java:147) ~[amqp-client-5.9.0.jar:5.9.0]
	at com.rabbitmq.client.impl.AMQConnection.start(AMQConnection.java:439) ~[amqp-client-5.9.0.jar:5.9.0]
	at com.rabbitmq.client.ConnectionFactory.newConnection(ConnectionFactory.java:1139) ~[amqp-client-5.9.0.jar:5.9.0]
	at com.rabbitmq.client.ConnectionFactory.newConnection(ConnectionFactory.java:1087) ~[amqp-client-5.9.0.jar:5.9.0]
	at org.springframework.amqp.rabbit.connection.AbstractConnectionFactory.connectAddresses(AbstractConnectionFactory.java:560) ~[spring-rabbit-2.2.7.RELEASE.jar:2.2.7.RELEASE]
	at org.springframework.amqp.rabbit.connection.AbstractConnectionFactory.connect(AbstractConnectionFactory.java:533) ~[spring-rabbit-2.2.7.RELEASE.jar:2.2.7.RELEASE]
	at org.springframework.amqp.rabbit.connection.AbstractConnectionFactory.createBareConnection(AbstractConnectionFactory.java:487) ~[spring-rabbit-2.2.7.RELEASE.jar:2.2.7.RELEASE]
	... 22 common frames omitted
Caused by: com.rabbitmq.client.ShutdownSignalException: connection error; protocol method: #method<connection.close>(reply-code=530, reply-text=NOT_ALLOWED - vhost /tmall not found, class-id=10, method-id=40)
	at com.rabbitmq.utility.ValueOrException.getValue(ValueOrException.java:66) ~[amqp-client-5.9.0.jar:5.9.0]
	at com.rabbitmq.utility.BlockingValueOrException.uninterruptibleGetValue(BlockingValueOrException.java:36) ~[amqp-client-5.9.0.jar:5.9.0]
	at com.rabbitmq.client.impl.AMQChannel$BlockingRpcContinuation.getReply(AMQChannel.java:502) ~[amqp-client-5.9.0.jar:5.9.0]
	at com.rabbitmq.client.impl.AMQChannel.privateRpc(AMQChannel.java:293) ~[amqp-client-5.9.0.jar:5.9.0]
	at com.rabbitmq.client.impl.AMQChannel.exnWrappingRpc(AMQChannel.java:141) ~[amqp-client-5.9.0.jar:5.9.0]
	... 28 common frames omitted

2021-03-07 21:50:28.873 ERROR 18756 --- [AMQP Connection 127.0.0.1:5672] c.r.c.impl.ForgivingExceptionHandler     : An unexpected connection driver error occured

java.net.SocketException: Socket Closed
	at java.net.SocketInputStream.socketRead0(Native Method) ~[na:1.8.0_102]
	at java.net.SocketInputStream.socketRead(SocketInputStream.java:116) ~[na:1.8.0_102]
	at java.net.SocketInputStream.read(SocketInputStream.java:170) ~[na:1.8.0_102]
	at java.net.SocketInputStream.read(SocketInputStream.java:141) ~[na:1.8.0_102]
	at java.io.BufferedInputStream.fill(BufferedInputStream.java:246) ~[na:1.8.0_102]
	at java.io.BufferedInputStream.read(BufferedInputStream.java:265) ~[na:1.8.0_102]
	at java.io.DataInputStream.readUnsignedByte(DataInputStream.java:288) ~[na:1.8.0_102]
	at com.rabbitmq.client.impl.Frame.readFrom(Frame.java:91) ~[amqp-client-5.9.0.jar:5.9.0]
	at com.rabbitmq.client.impl.SocketFrameHandler.readFrame(SocketFrameHandler.java:184) ~[amqp-client-5.9.0.jar:5.9.0]
	at com.rabbitmq.client.impl.AMQConnection$MainLoop.run(AMQConnection.java:665) ~[amqp-client-5.9.0.jar:5.9.0]
	at java.lang.Thread.run(Thread.java:745) [na:1.8.0_102]

2021-03-07 21:50:28.949 ERROR 18756 --- [AMQP Connection 0:0:0:0:0:0:0:1:5672] c.r.c.impl.ForgivingExceptionHandler     : An unexpected connection driver error occured

java.net.SocketException: Socket Closed
	at java.net.SocketInputStream.socketRead0(Native Method) ~[na:1.8.0_102]
	at java.net.SocketInputStream.socketRead(SocketInputStream.java:116) ~[na:1.8.0_102]
	at java.net.SocketInputStream.read(SocketInputStream.java:170) ~[na:1.8.0_102]
	at java.net.SocketInputStream.read(SocketInputStream.java:141) ~[na:1.8.0_102]
	at java.io.BufferedInputStream.fill(BufferedInputStream.java:246) ~[na:1.8.0_102]
	at java.io.BufferedInputStream.read(BufferedInputStream.java:265) ~[na:1.8.0_102]
	at java.io.DataInputStream.readUnsignedByte(DataInputStream.java:288) ~[na:1.8.0_102]
	at com.rabbitmq.client.impl.Frame.readFrom(Frame.java:91) ~[amqp-client-5.9.0.jar:5.9.0]
	at com.rabbitmq.client.impl.SocketFrameHandler.readFrame(SocketFrameHandler.java:184) ~[amqp-client-5.9.0.jar:5.9.0]
	at com.rabbitmq.client.impl.AMQConnection$MainLoop.run(AMQConnection.java:665) ~[amqp-client-5.9.0.jar:5.9.0]
	at java.lang.Thread.run(Thread.java:745) [na:1.8.0_102]

2021-03-07 21:50:29.263  INFO 18756 --- [SpringContextShutdownHook] o.s.s.c.ThreadPoolTaskScheduler          : Shutting down ExecutorService 'taskScheduler'
2021-03-07 21:50:29.275  INFO 18756 --- [SpringContextShutdownHook] o.s.s.concurrent.ThreadPoolTaskExecutor  : Shutting down ExecutorService 'applicationTaskExecutor'
2021-03-07 21:50:29.425  INFO 18756 --- [SpringContextShutdownHook] com.alibaba.druid.pool.DruidDataSource   : {dataSource-1} closing ...
2021-03-07 21:50:29.434  INFO 18756 --- [SpringContextShutdownHook] com.alibaba.druid.pool.DruidDataSource   : {dataSource-1} closed
